2025-10-03 23:50:41,308 - INFO - Connected to Reddit as: None
2025-10-03 23:50:44,858 - INFO - Email alert sent
2025-10-03 23:50:45,020 - INFO - Searching Reddit...
2025-10-03 23:50:45,021 - INFO - Searching r/soccer
2025-10-03 23:50:47,068 - INFO - Waiting 10 seconds until next search...
2025-10-03 23:50:57,081 - INFO - Searching Reddit...
2025-10-03 23:50:57,082 - INFO - Searching r/soccer
2025-10-03 23:50:57,798 - INFO - Waiting 10 seconds until next search...
2025-10-03 23:51:07,803 - INFO - Searching Reddit...
2025-10-03 23:51:07,803 - INFO - Searching r/soccer
2025-10-03 23:51:08,283 - INFO - Waiting 10 seconds until next search...
2025-10-03 23:51:18,289 - INFO - Searching Reddit...
2025-10-03 23:51:18,290 - INFO - Searching r/soccer
2025-10-03 23:51:18,778 - INFO - Waiting 10 seconds until next search...
2025-10-03 23:51:28,782 - INFO - Searching Reddit...
2025-10-03 23:51:28,783 - INFO - Searching r/soccer
2025-10-03 23:51:29,307 - INFO - Waiting 10 seconds until next search...
2025-10-03 23:51:39,318 - INFO - Searching Reddit...
2025-10-03 23:51:39,319 - INFO - Searching r/soccer
2025-10-03 23:51:40,106 - INFO - Waiting 10 seconds until next search...
